-------------------------------------------------------------------------------
Test set: com.sharika.springdatahandson.springdatahandsonApplicationTests
-------------------------------------------------------------------------------
Tests run: 1, Failures: 0, Errors: 1, Skipped: 0, Time elapsed: 0.567 s <<< FAILURE! - in com.sharika.springdatahandson.springdatahandsonApplicationTests
com.sharika.springdatahandson.springdatahandsonApplicationTests  Time elapsed: 0.559 s  <<< ERROR!
java.lang.IllegalStateException: Found multiple @SpringBootConfiguration annotated classes [Generic bean: class [com.sharika.springdatahandson.springdatahandsonApplication]; scope=; abstract=false; lazyInit=null; autowireMode=0; dependencyCheck=0; autowireCandidate=true; primary=false; factoryBeanName=null; factoryMethodName=null; initMethodName=null; destroyMethodName=null; defined in file [C:\Users\visio\javaFSE_hands-on_solutions\week3\1. spring-data-jpa-handson\target\classes\com\sharika\springdatahandson\springdatahandsonApplication.class], Generic bean: class [com.sharika.springdatahandson.springdatahandsonApplication2]; scope=; abstract=false; lazyInit=null; autowireMode=0; dependencyCheck=0; autowireCandidate=true; primary=false; factoryBeanName=null; factoryMethodName=null; initMethodName=null; destroyMethodName=null; defined in file [C:\Users\visio\javaFSE_hands-on_solutions\week3\1. spring-data-jpa-handson\target\classes\com\sharika\springdatahandson\springdatahandsonApplication2.class], Generic bean: class [com.sharika.springdatahandson.springdatahandsonApplication3]; scope=; abstract=false; lazyInit=null; autowireMode=0; dependencyCheck=0; autowireCandidate=true; primary=false; factoryBeanName=null; factoryMethodName=null; initMethodName=null; destroyMethodName=null; defined in file [C:\Users\visio\javaFSE_hands-on_solutions\week3\1. spring-data-jpa-handson\target\classes\com\sharika\springdatahandson\springdatahandsonApplication3.class], Generic bean: class [com.sharika.springdatahandson.springdatahandsonApplication4]; scope=; abstract=false; lazyInit=null; autowireMode=0; dependencyCheck=0; autowireCandidate=true; primary=false; factoryBeanName=null; factoryMethodName=null; initMethodName=null; destroyMethodName=null; defined in file [C:\Users\visio\javaFSE_hands-on_solutions\week3\1. spring-data-jpa-handson\target\classes\com\sharika\springdatahandson\springdatahandsonApplication4.class], Generic bean: class [com.sharika.springdatahandson.springdatahandsonApplication5]; scope=; abstract=false; lazyInit=null; autowireMode=0; dependencyCheck=0; autowireCandidate=true; primary=false; factoryBeanName=null; factoryMethodName=null; initMethodName=null; destroyMethodName=null; defined in file [C:\Users\visio\javaFSE_hands-on_solutions\week3\1. spring-data-jpa-handson\target\classes\com\sharika\springdatahandson\springdatahandsonApplication5.class], Generic bean: class [com.sharika.springdatahandson.springdatahandsonApplication6]; scope=; abstract=false; lazyInit=null; autowireMode=0; dependencyCheck=0; autowireCandidate=true; primary=false; factoryBeanName=null; factoryMethodName=null; initMethodName=null; destroyMethodName=null; defined in file [C:\Users\visio\javaFSE_hands-on_solutions\week3\1. spring-data-jpa-handson\target\classes\com\sharika\springdatahandson\springdatahandsonApplication6.class], Generic bean: class [com.sharika.springdatahandson.springdatahandsonApplication7]; scope=; abstract=false; lazyInit=null; autowireMode=0; dependencyCheck=0; autowireCandidate=true; primary=false; factoryBeanName=null; factoryMethodName=null; initMethodName=null; destroyMethodName=null; defined in file [C:\Users\visio\javaFSE_hands-on_solutions\week3\1. spring-data-jpa-handson\target\classes\com\sharika\springdatahandson\springdatahandsonApplication7.class], Generic bean: class [com.sharika.springdatahandson.springdatahandsonApplication8]; scope=; abstract=false; lazyInit=null; autowireMode=0; dependencyCheck=0; autowireCandidate=true; primary=false; factoryBeanName=null; factoryMethodName=null; initMethodName=null; destroyMethodName=null; defined in file [C:\Users\visio\javaFSE_hands-on_solutions\week3\1. spring-data-jpa-handson\target\classes\com\sharika\springdatahandson\springdatahandsonApplication8.class]]

