<?xml version="1.0" encoding="UTF-8"?>
<testsuite xmlns:xsi="http://www.w3.org/2001/XMLSchema-instance" xsi:noNamespaceSchemaLocation="https://maven.apache.org/surefire/maven-surefire-plugin/xsd/surefire-test-report.xsd" name="com.sharika.springdatahandson.springdatahandsonApplicationTests" time="0.567" tests="1" errors="1" skipped="0" failures="0">
  <properties>
[...]
</properties>
  <testcase name="com.sharika.springdatahandson.springdatahandsonApplicationTests" classname="com.sharika.springdatahandson.springdatahandsonApplicationTests" time="0.559">
    <error message="Found multiple @SpringBootConfiguration annotated classes [Generic bean: class [com.sharika.springdatahandson.springdatahandsonApplication]; scope=; abstract=false; lazyInit=null; autowireMode=0; dependencyCheck=0; autowireCandidate=true; primary=false; factoryBeanName=null; factoryMethodName=null; initMethodName=null; destroyMethodName=null; defined in file [C:\Users\visio\javaFSE_hands-on_solutions\week3\1. spring-data-jpa-handson\target\classes\com\sharika\springdatahandson\springdatahandsonApplication.class], Generic bean: class [com.sharika.springdatahandson.springdatahandsonApplication2]; scope=; abstract=false; lazyInit=null; autowireMode=0; dependencyCheck=0; autowireCandidate=true; primary=false; factoryBeanName=null; factoryMethodName=null; initMethodName=null; destroyMethodName=null; defined in file [C:\Users\visio\javaFSE_hands-on_solutions\week3\1. spring-data-jpa-handson\target\classes\com\sharika\springdatahandson\springdatahandsonApplication2.class], Generic bean: class [com.sharika.springdatahandson.springdatahandsonApplication3]; scope=; abstract=false; lazyInit=null; autowireMode=0; dependencyCheck=0; autowireCandidate=true; primary=false; factoryBeanName=null; factoryMethodName=null; initMethodName=null; destroyMethodName=null; defined in file [C:\Users\visio\javaFSE_hands-on_solutions\week3\1. spring-data-jpa-handson\target\classes\com\sharika\springdatahandson\springdatahandsonApplication3.class], Generic bean: class [com.sharika.springdatahandson.springdatahandsonApplication4]; scope=; abstract=false; lazyInit=null; autowireMode=0; dependencyCheck=0; autowireCandidate=true; primary=false; factoryBeanName=null; factoryMethodName=null; initMethodName=null; destroyMethodName=null; defined in file [C:\Users\visio\javaFSE_hands-on_solutions\week3\1. spring-data-jpa-handson\target\classes\com\sharika\springdatahandson\springdatahandsonApplication4.class], Generic bean: class [com.sharika.springdatahandson.springdatahandsonApplication5]; scope=; abstract=false; lazyInit=null; autowireMode=0; dependencyCheck=0; autowireCandidate=true; primary=false; factoryBeanName=null; factoryMethodName=null; initMethodName=null; destroyMethodName=null; defined in file [C:\Users\visio\javaFSE_hands-on_solutions\week3\1. spring-data-jpa-handson\target\classes\com\sharika\springdatahandson\springdatahandsonApplication5.class], Generic bean: class [com.sharika.springdatahandson.springdatahandsonApplication6]; scope=; abstract=false; lazyInit=null; autowireMode=0; dependencyCheck=0; autowireCandidate=true; primary=false; factoryBeanName=null; factoryMethodName=null; initMethodName=null; destroyMethodName=null; defined in file [C:\Users\visio\javaFSE_hands-on_solutions\week3\1. spring-data-jpa-handson\target\classes\com\sharika\springdatahandson\springdatahandsonApplication6.class], Generic bean: class [com.sharika.springdatahandson.springdatahandsonApplication7]; scope=; abstract=false; lazyInit=null; autowireMode=0; dependencyCheck=0; autowireCandidate=true; primary=false; factoryBeanName=null; factoryMethodName=null; initMethodName=null; destroyMethodName=null; defined in file [C:\Users\visio\javaFSE_hands-on_solutions\week3\1. spring-data-jpa-handson\target\classes\com\sharika\springdatahandson\springdatahandsonApplication7.class], Generic bean: class [com.sharika.springdatahandson.springdatahandsonApplication8]; scope=; abstract=false; lazyInit=null; autowireMode=0; dependencyCheck=0; autowireCandidate=true; primary=false; factoryBeanName=null; factoryMethodName=null; initMethodName=null; destroyMethodName=null; defined in file [C:\Users\visio\javaFSE_hands-on_solutions\week3\1. spring-data-jpa-handson\target\classes\com\sharika\springdatahandson\springdatahandsonApplication8.class]]" type="java.lang.IllegalStateException">java.lang.IllegalStateException: Found multiple @SpringBootConfiguration annotated classes [Generic bean: class [com.sharika.springdatahandson.springdatahandsonApplication]; scope=; abstract=false; lazyInit=null; autowireMode=0; dependencyCheck=0; autowireCandidate=true; primary=false; factoryBeanName=null; factoryMethodName=null; initMethodName=null; destroyMethodName=null; defined in file [C:\Users\visio\javaFSE_hands-on_solutions\week3\1. spring-data-jpa-handson\target\classes\com\sharika\springdatahandson\springdatahandsonApplication.class], Generic bean: class [com.sharika.springdatahandson.springdatahandsonApplication2]; scope=; abstract=false; lazyInit=null; autowireMode=0; dependencyCheck=0; autowireCandidate=true; primary=false; factoryBeanName=null; factoryMethodName=null; initMethodName=null; destroyMethodName=null; defined in file [C:\Users\visio\javaFSE_hands-on_solutions\week3\1. spring-data-jpa-handson\target\classes\com\sharika\springdatahandson\springdatahandsonApplication2.class], Generic bean: class [com.sharika.springdatahandson.springdatahandsonApplication3]; scope=; abstract=false; lazyInit=null; autowireMode=0; dependencyCheck=0; autowireCandidate=true; primary=false; factoryBeanName=null; factoryMethodName=null; initMethodName=null; destroyMethodName=null; defined in file [C:\Users\visio\javaFSE_hands-on_solutions\week3\1. spring-data-jpa-handson\target\classes\com\sharika\springdatahandson\springdatahandsonApplication3.class], Generic bean: class [com.sharika.springdatahandson.springdatahandsonApplication4]; scope=; abstract=false; lazyInit=null; autowireMode=0; dependencyCheck=0; autowireCandidate=true; primary=false; factoryBeanName=null; factoryMethodName=null; initMethodName=null; destroyMethodName=null; defined in file [C:\Users\visio\javaFSE_hands-on_solutions\week3\1. spring-data-jpa-handson\target\classes\com\sharika\springdatahandson\springdatahandsonApplication4.class], Generic bean: class [com.sharika.springdatahandson.springdatahandsonApplication5]; scope=; abstract=false; lazyInit=null; autowireMode=0; dependencyCheck=0; autowireCandidate=true; primary=false; factoryBeanName=null; factoryMethodName=null; initMethodName=null; destroyMethodName=null; defined in file [C:\Users\visio\javaFSE_hands-on_solutions\week3\1. spring-data-jpa-handson\target\classes\com\sharika\springdatahandson\springdatahandsonApplication5.class], Generic bean: class [com.sharika.springdatahandson.springdatahandsonApplication6]; scope=; abstract=false; lazyInit=null; autowireMode=0; dependencyCheck=0; autowireCandidate=true; primary=false; factoryBeanName=null; factoryMethodName=null; initMethodName=null; destroyMethodName=null; defined in file [C:\Users\visio\javaFSE_hands-on_solutions\week3\1. spring-data-jpa-handson\target\classes\com\sharika\springdatahandson\springdatahandsonApplication6.class], Generic bean: class [com.sharika.springdatahandson.springdatahandsonApplication7]; scope=; abstract=false; lazyInit=null; autowireMode=0; dependencyCheck=0; autowireCandidate=true; primary=false; factoryBeanName=null; factoryMethodName=null; initMethodName=null; destroyMethodName=null; defined in file [C:\Users\visio\javaFSE_hands-on_solutions\week3\1. spring-data-jpa-handson\target\classes\com\sharika\springdatahandson\springdatahandsonApplication7.class], Generic bean: class [com.sharika.springdatahandson.springdatahandsonApplication8]; scope=; abstract=false; lazyInit=null; autowireMode=0; dependencyCheck=0; autowireCandidate=true; primary=false; factoryBeanName=null; factoryMethodName=null; initMethodName=null; destroyMethodName=null; defined in file [C:\Users\visio\javaFSE_hands-on_solutions\week3\1. spring-data-jpa-handson\target\classes\com\sharika\springdatahandson\springdatahandsonApplication8.class]]
</error>
    <system-out><![CDATA[15:15:18.003 [main] DEBUG org.springframework.test.context.BootstrapUtils - Instantiating CacheAwareContextLoaderDelegate from class [org.springframework.test.context.cache.DefaultCacheAwareContextLoaderDelegate]
15:15:18.034 [main] DEBUG org.springframework.test.context.BootstrapUtils - Instantiating BootstrapContext using constructor [public org.springframework.test.context.support.DefaultBootstrapContext(java.lang.Class,org.springframework.test.context.CacheAwareContextLoaderDelegate)]
15:15:18.100 [main] DEBUG org.springframework.test.context.BootstrapUtils - Instantiating TestContextBootstrapper for test class [com.sharika.springdatahandson.springdatahandsonApplicationTests] from class [org.springframework.boot.test.context.SpringBootTestContextBootstrapper]
15:15:18.120 [main] INFO org.springframework.boot.test.context.SpringBootTestContextBootstrapper - Neither @ContextConfiguration nor @ContextHierarchy found for test class [com.sharika.springdatahandson.springdatahandsonApplicationTests], using SpringBootContextLoader
15:15:18.127 [main] DEBUG org.springframework.test.context.support.AbstractContextLoader - Did not detect default resource location for test class [com.sharika.springdatahandson.springdatahandsonApplicationTests]: class path resource [com/sharika/springdatahandson/springdatahandsonApplicationTests-context.xml] does not exist
15:15:18.127 [main] DEBUG org.springframework.test.context.support.AbstractContextLoader - Did not detect default resource location for test class [com.sharika.springdatahandson.springdatahandsonApplicationTests]: class path resource [com/sharika/springdatahandson/springdatahandsonApplicationTestsContext.groovy] does not exist
15:15:18.127 [main] INFO org.springframework.test.context.support.AbstractContextLoader - Could not detect default resource locations for test class [com.sharika.springdatahandson.springdatahandsonApplicationTests]: no resource found for suffixes {-context.xml, Context.groovy}.
15:15:18.127 [main] INFO org.springframework.test.context.support.AnnotationConfigContextLoaderUtils - Could not detect default configuration classes for test class [com.sharika.springdatahandson.springdatahandsonApplicationTests]: springdatahandsonApplicationTests does not declare any static, non-private, non-final, nested classes annotated with @Configuration.
15:15:18.240 [main] DEBUG org.springframework.test.context.support.ActiveProfilesUtils - Could not find an 'annotation declaring class' for annotation type [org.springframework.test.context.ActiveProfiles] and class [com.sharika.springdatahandson.springdatahandsonApplicationTests]
15:15:18.372 [main] DEBUG org.springframework.context.annotation.ClassPathScanningCandidateComponentProvider - Identified candidate component class: file [C:\Users\visio\javaFSE_hands-on_solutions\week3\1. spring-data-jpa-handson\target\classes\com\sharika\springdatahandson\springdatahandsonApplication.class]
15:15:18.372 [main] DEBUG org.springframework.context.annotation.ClassPathScanningCandidateComponentProvider - Identified candidate component class: file [C:\Users\visio\javaFSE_hands-on_solutions\week3\1. spring-data-jpa-handson\target\classes\com\sharika\springdatahandson\springdatahandsonApplication2.class]
15:15:18.372 [main] DEBUG org.springframework.context.annotation.ClassPathScanningCandidateComponentProvider - Identified candidate component class: file [C:\Users\visio\javaFSE_hands-on_solutions\week3\1. spring-data-jpa-handson\target\classes\com\sharika\springdatahandson\springdatahandsonApplication3.class]
15:15:18.372 [main] DEBUG org.springframework.context.annotation.ClassPathScanningCandidateComponentProvider - Identified candidate component class: file [C:\Users\visio\javaFSE_hands-on_solutions\week3\1. spring-data-jpa-handson\target\classes\com\sharika\springdatahandson\springdatahandsonApplication4.class]
15:15:18.372 [main] DEBUG org.springframework.context.annotation.ClassPathScanningCandidateComponentProvider - Identified candidate component class: file [C:\Users\visio\javaFSE_hands-on_solutions\week3\1. spring-data-jpa-handson\target\classes\com\sharika\springdatahandson\springdatahandsonApplication5.class]
15:15:18.372 [main] DEBUG org.springframework.context.annotation.ClassPathScanningCandidateComponentProvider - Identified candidate component class: file [C:\Users\visio\javaFSE_hands-on_solutions\week3\1. spring-data-jpa-handson\target\classes\com\sharika\springdatahandson\springdatahandsonApplication6.class]
15:15:18.372 [main] DEBUG org.springframework.context.annotation.ClassPathScanningCandidateComponentProvider - Identified candidate component class: file [C:\Users\visio\javaFSE_hands-on_solutions\week3\1. spring-data-jpa-handson\target\classes\com\sharika\springdatahandson\springdatahandsonApplication7.class]
15:15:18.383 [main] DEBUG org.springframework.context.annotation.ClassPathScanningCandidateComponentProvider - Identified candidate component class: file [C:\Users\visio\javaFSE_hands-on_solutions\week3\1. spring-data-jpa-handson\target\classes\com\sharika\springdatahandson\springdatahandsonApplication8.class]
]]></system-out>
  </testcase>
</testsuite>